<?xml version="1.0" encoding="UTF-8"?>
<!-- Generated by org.testng.reporters.JUnitReportReporter -->
<testsuite skipped="0" hostname="ankit-tripathi" name="DemoTest" tests="1" failures="0" timestamp="10 Jun 2019 19:46:05 GMT" time="3.638" errors="0">
  <testcase name="runurl" time="3.638" classname="DemoTest"/>
</testsuite> <!-- DemoTest -->
